[16-Sep-2019 14:38:12] NOTICE: fpm is running, pid 71504
[16-Sep-2019 14:38:12] NOTICE: ready to handle connections
[16-Sep-2019 14:44:24] NOTICE: Terminating ...
[16-Sep-2019 14:44:24] NOTICE: Terminating ...
[16-Sep-2019 14:44:24] NOTICE: exiting, bye-bye!
[16-Sep-2019 14:45:14] NOTICE: fpm is running, pid 72237
[16-Sep-2019 14:45:14] NOTICE: ready to handle connections
[16-Sep-2019 22:15:33] NOTICE: Terminating ...
[16-Sep-2019 22:15:33] NOTICE: Terminating ...
[16-Sep-2019 22:15:33] NOTICE: exiting, bye-bye!
[17-Sep-2019 10:39:15] NOTICE: fpm is running, pid 83920
[17-Sep-2019 10:39:15] NOTICE: ready to handle connections
[17-Sep-2019 13:20:07] NOTICE: Terminating ...
[17-Sep-2019 13:20:07] NOTICE: Terminating ...
[17-Sep-2019 13:20:07] NOTICE: exiting, bye-bye!
[17-Sep-2019 13:26:49] NOTICE: fpm is running, pid 85879
[17-Sep-2019 13:26:49] NOTICE: ready to handle connections
[17-Sep-2019 14:49:50] NOTICE: Terminating ...
[17-Sep-2019 14:49:50] NOTICE: Terminating ...
[17-Sep-2019 14:49:50] NOTICE: exiting, bye-bye!
[18-Sep-2019 10:03:39] NOTICE: fpm is running, pid 13385
[18-Sep-2019 10:03:39] NOTICE: ready to handle connections
[18-Sep-2019 11:25:32] NOTICE: Terminating ...
[18-Sep-2019 11:25:32] NOTICE: Terminating ...
[18-Sep-2019 11:25:32] NOTICE: exiting, bye-bye!
[16-Oct-2019 23:29:01] NOTICE: fpm is running, pid 26819
[16-Oct-2019 23:29:01] NOTICE: ready to handle connections
[16-Oct-2019 23:29:25] NOTICE: Terminating ...
[16-Oct-2019 23:29:25] NOTICE: Terminating ...
[16-Oct-2019 23:29:25] NOTICE: exiting, bye-bye!
[17-Oct-2019 12:42:21] NOTICE: fpm is running, pid 40521
[17-Oct-2019 12:42:21] NOTICE: ready to handle connections
